Loading plugins phase: Elapsed time ==> 0s.213ms
Initializing data phase: Elapsed time ==> 0s.000ms
<CYPRESSTAG name="CyDsfit arguments...">
cydsfit arguments: -.fdsnotice -.fdswarpdepfile=warp_dependencies.txt -.fdselabdepfile=elab_dependencies.txt -.fdsbldfile=generated_files.txt -p E:\klive\GitHub\Cypress\BLE_Heart_Rate_Collector01\BLE_Heart_Rate_Collector01.cydsn\BLE_Heart_Rate_Collector01.cyprj -d CYBL10162-56LQXI -s E:\klive\GitHub\Cypress\BLE_Heart_Rate_Collector01\BLE_Heart_Rate_Collector01.cydsn\Generated_Source\PSoC4 -- -yv2 -q10 -ygs -o2 -v3 -.fftcfgtype=LE</CYPRESSTAG>
<CYPRESSTAG name="Design elaboration results...">
</CYPRESSTAG>
Elaboration phase: Elapsed time ==> 3s.336ms
<CYPRESSTAG name="HDL generation results...">
</CYPRESSTAG>
HDL generation phase: Elapsed time ==> 0s.064ms
<CYPRESSTAG name="Synthesis results...">

     | | | | | | |
   _________________
  -|               |-
  -|               |-
  -|               |-
  -|    CYPRESS    |-
  -|               |-
  -|               |-   Warp Verilog Synthesis Compiler: Version 6.3 IR 41
  -|               |-   Copyright (C) 1991-2001 Cypress Semiconductor
   |_______________|
     | | | | | | |

======================================================================
Compiling:  BLE_Heart_Rate_Collector01.v
Program  :   D:\Program Files\Cypress\PSoC Creator\3.1\PSoC Creator\warp\bin/warp.exe
Options  :    -yv2 -q10 -ygs -o2 -v3 -.fftcfgtype=LE -ya -.fftprj=E:\klive\GitHub\Cypress\BLE_Heart_Rate_Collector01\BLE_Heart_Rate_Collector01.cydsn\BLE_Heart_Rate_Collector01.cyprj -dcpsoc3 BLE_Heart_Rate_Collector01.v -verilog
======================================================================

======================================================================
Compiling:  BLE_Heart_Rate_Collector01.v
Program  :   D:\Program Files\Cypress\PSoC Creator\3.1\PSoC Creator\warp\bin/warp.exe
Options  :    -yv2 -q10 -ygs -o2 -v3 -.fftcfgtype=LE -ya -.fftprj=E:\klive\GitHub\Cypress\BLE_Heart_Rate_Collector01\BLE_Heart_Rate_Collector01.cydsn\BLE_Heart_Rate_Collector01.cyprj -dcpsoc3 BLE_Heart_Rate_Collector01.v -verilog
======================================================================

======================================================================
Compiling:  BLE_Heart_Rate_Collector01.v
Program  :   vlogfe
Options  :    -yv2 -q10 -ygs -o2 -v3 -.fftcfgtype=LE -ya -.fftprj=E:\klive\GitHub\Cypress\BLE_Heart_Rate_Collector01\BLE_Heart_Rate_Collector01.cydsn\BLE_Heart_Rate_Collector01.cyprj -dcpsoc3 -verilog BLE_Heart_Rate_Collector01.v
======================================================================

vlogfe V6.3 IR 41:  Verilog parser
Sun Apr 19 10:20:25 2015


======================================================================
Compiling:  BLE_Heart_Rate_Collector01.v
Program  :   vpp
Options  :    -yv2 -q10 BLE_Heart_Rate_Collector01.v
======================================================================

vpp V6.3 IR 41:  Verilog Pre-Processor
Sun Apr 19 10:20:25 2015

Flattening file 'D:\Program Files\Cypress\PSoC Creator\3.1\PSoC Creator\warp\..\psoc\content\cyprimitives\CyPrimitives.cylib\ZeroTerminal\ZeroTerminal.v'
Flattening file 'D:\Program Files\Cypress\PSoC Creator\3.1\PSoC Creator\warp\..\psoc\content\cyprimitives\CyPrimitives.cylib\cy_virtualmux_v1_0\cy_virtualmux_v1_0.v'
Flattening file 'D:\Program Files\Cypress\PSoC Creator\3.1\PSoC Creator\warp\..\psoc\content\cyprimitives\CyPrimitives.cylib\or_v1_0\or_v1_0.v'
Flattening file 'D:\Program Files\Cypress\PSoC Creator\3.1\PSoC Creator\warp\..\psoc\content\cyprimitives\CyPrimitives.cylib\cy_constant_v1_0\cy_constant_v1_0.v'

vpp:  No errors.

Library 'work' => directory 'lcpsoc3'
General_symbol_table
General_symbol_table
Linking 'D:\Program Files\Cypress\PSoC Creator\3.1\PSoC Creator\warp\lib\common\std.vhd'.
Linking 'D:\Program Files\Cypress\PSoC Creator\3.1\PSoC Creator\warp\lib\common\cypress.vhd'.
Linking 'D:\Program Files\Cypress\PSoC Creator\3.1\PSoC Creator\warp\lib\common\work\cypress.vif'.
Linking 'D:\Program Files\Cypress\PSoC Creator\3.1\PSoC Creator\warp\lib\ieee\work\stdlogic.vif'.
Linking 'D:\Program Files\Cypress\PSoC Creator\3.1\PSoC Creator\warp\lib\common\stdlogic\lpmpkg.vif'.
Linking 'D:\Program Files\Cypress\PSoC Creator\3.1\PSoC Creator\warp\lib\common\stdlogic\rtlpkg.vif'.
Linking 'D:\Program Files\Cypress\PSoC Creator\3.1\PSoC Creator\warp\lib\common\stdlogic\mod_cnst.vif'.
Linking 'D:\Program Files\Cypress\PSoC Creator\3.1\PSoC Creator\warp\lib\common\stdlogic\mod_mthv.vif'.
Linking 'D:\Program Files\Cypress\PSoC Creator\3.1\PSoC Creator\warp\lib\common\stdlogic\mod_genv.vif'.
Using control file 'BLE_Heart_Rate_Collector01.ctl'.

vlogfe:  No errors.


======================================================================
Compiling:  BLE_Heart_Rate_Collector01.v
Program  :   tovif
Options  :    -yv2 -q10 -ygs -o2 -v3 -.fftcfgtype=LE -ya -.fftprj=E:\klive\GitHub\Cypress\BLE_Heart_Rate_Collector01\BLE_Heart_Rate_Collector01.cydsn\BLE_Heart_Rate_Collector01.cyprj -dcpsoc3 -verilog BLE_Heart_Rate_Collector01.v
======================================================================

tovif V6.3 IR 41:  High-level synthesis
Sun Apr 19 10:20:26 2015

Linking 'D:\Program Files\Cypress\PSoC Creator\3.1\PSoC Creator\warp\lib\common\std.vhd'.
Linking 'D:\Program Files\Cypress\PSoC Creator\3.1\PSoC Creator\warp\lib\common\cypress.vhd'.
Linking 'D:\Program Files\Cypress\PSoC Creator\3.1\PSoC Creator\warp\lib\common\work\cypress.vif'.
Linking 'D:\Program Files\Cypress\PSoC Creator\3.1\PSoC Creator\warp\lib\ieee\work\stdlogic.vif'.
Linking 'D:\Program Files\Cypress\PSoC Creator\3.1\PSoC Creator\warp\lib\common\stdlogic\lpmpkg.vif'.
Linking 'D:\Program Files\Cypress\PSoC Creator\3.1\PSoC Creator\warp\lib\common\stdlogic\rtlpkg.vif'.
Linking 'D:\Program Files\Cypress\PSoC Creator\3.1\PSoC Creator\warp\lib\common\stdlogic\mod_cnst.vif'.
Linking 'D:\Program Files\Cypress\PSoC Creator\3.1\PSoC Creator\warp\lib\common\stdlogic\mod_mthv.vif'.
Linking 'D:\Program Files\Cypress\PSoC Creator\3.1\PSoC Creator\warp\lib\common\stdlogic\mod_genv.vif'.
Linking 'E:\klive\GitHub\Cypress\BLE_Heart_Rate_Collector01\BLE_Heart_Rate_Collector01.cydsn\codegentemp\BLE_Heart_Rate_Collector01.ctl'.
Linking 'D:\Program Files\Cypress\PSoC Creator\3.1\PSoC Creator\psoc\content\cyprimitives\CyPrimitives.cylib\ZeroTerminal\ZeroTerminal.v'.
Linking 'E:\klive\GitHub\Cypress\BLE_Heart_Rate_Collector01\BLE_Heart_Rate_Collector01.cydsn\codegentemp\BLE_Heart_Rate_Collector01.v'.
Linking 'D:\Program Files\Cypress\PSoC Creator\3.1\PSoC Creator\psoc\content\cyprimitives\CyPrimitives.cylib\cy_virtualmux_v1_0\cy_virtualmux_v1_0.v'.
Linking 'D:\Program Files\Cypress\PSoC Creator\3.1\PSoC Creator\psoc\content\cyprimitives\CyPrimitives.cylib\or_v1_0\or_v1_0.v'.
Linking 'D:\Program Files\Cypress\PSoC Creator\3.1\PSoC Creator\psoc\content\cyprimitives\CyPrimitives.cylib\cy_constant_v1_0\cy_constant_v1_0.v'.

tovif:  No errors.


======================================================================
Compiling:  BLE_Heart_Rate_Collector01.v
Program  :   topld
Options  :    -yv2 -q10 -ygs -o2 -v3 -.fftcfgtype=LE -ya -.fftprj=E:\klive\GitHub\Cypress\BLE_Heart_Rate_Collector01\BLE_Heart_Rate_Collector01.cydsn\BLE_Heart_Rate_Collector01.cyprj -dcpsoc3 -verilog BLE_Heart_Rate_Collector01.v
======================================================================

topld V6.3 IR 41:  Synthesis and optimization
Sun Apr 19 10:20:26 2015

Linking 'D:\Program Files\Cypress\PSoC Creator\3.1\PSoC Creator\warp\lib\common\std.vhd'.
Linking 'D:\Program Files\Cypress\PSoC Creator\3.1\PSoC Creator\warp\lib\common\cypress.vhd'.
Linking 'D:\Program Files\Cypress\PSoC Creator\3.1\PSoC Creator\warp\lib\common\work\cypress.vif'.
Linking 'D:\Program Files\Cypress\PSoC Creator\3.1\PSoC Creator\warp\lib\ieee\work\stdlogic.vif'.
Linking 'D:\Program Files\Cypress\PSoC Creator\3.1\PSoC Creator\warp\lib\common\stdlogic\lpmpkg.vif'.
Linking 'D:\Program Files\Cypress\PSoC Creator\3.1\PSoC Creator\warp\lib\common\stdlogic\rtlpkg.vif'.
Linking 'D:\Program Files\Cypress\PSoC Creator\3.1\PSoC Creator\warp\lib\common\stdlogic\mod_cnst.vif'.
Linking 'D:\Program Files\Cypress\PSoC Creator\3.1\PSoC Creator\warp\lib\common\stdlogic\mod_mthv.vif'.
Linking 'D:\Program Files\Cypress\PSoC Creator\3.1\PSoC Creator\warp\lib\common\stdlogic\mod_genv.vif'.
Linking 'E:\klive\GitHub\Cypress\BLE_Heart_Rate_Collector01\BLE_Heart_Rate_Collector01.cydsn\codegentemp\BLE_Heart_Rate_Collector01.ctl'.
Linking 'D:\Program Files\Cypress\PSoC Creator\3.1\PSoC Creator\psoc\content\cyprimitives\CyPrimitives.cylib\ZeroTerminal\ZeroTerminal.v'.
Linking 'E:\klive\GitHub\Cypress\BLE_Heart_Rate_Collector01\BLE_Heart_Rate_Collector01.cydsn\codegentemp\BLE_Heart_Rate_Collector01.v'.
Linking 'D:\Program Files\Cypress\PSoC Creator\3.1\PSoC Creator\psoc\content\cyprimitives\CyPrimitives.cylib\cy_virtualmux_v1_0\cy_virtualmux_v1_0.v'.
Linking 'D:\Program Files\Cypress\PSoC Creator\3.1\PSoC Creator\psoc\content\cyprimitives\CyPrimitives.cylib\or_v1_0\or_v1_0.v'.
Linking 'D:\Program Files\Cypress\PSoC Creator\3.1\PSoC Creator\psoc\content\cyprimitives\CyPrimitives.cylib\cy_constant_v1_0\cy_constant_v1_0.v'.
Linking 'D:\Program Files\Cypress\PSoC Creator\3.1\PSoC Creator\warp\lib\lcpsoc3\stdlogic\cpsoc3.vif'.

----------------------------------------------------------
Detecting unused logic.
----------------------------------------------------------
    User names
	\UART_DEB:Net_452\
	\UART_DEB:Net_682\
	\UART_DEB:uncfg_rx_irq\
	\UART_DEB:Net_754\
	\UART_DEB:Net_767\
	\UART_DEB:Net_547\
	\UART_DEB:Net_891\
	\UART_DEB:Net_474\
	\UART_DEB:Net_899\
	Net_52
	\CYBLE:Net_55\


Deleted 11 User equations/components.
Deleted 0 Synthesized equations/components.

------------------------------------------------------
Alias Detection
------------------------------------------------------
Aliasing one to tmpOE__Scanning_LED_net_0
Aliasing \UART_DEB:Net_459\ to zero
Aliasing \UART_DEB:Net_676\ to zero
Aliasing \UART_DEB:Net_245\ to zero
Aliasing \UART_DEB:Net_416\ to zero
Aliasing \UART_DEB:tmpOE__tx_net_0\ to tmpOE__Scanning_LED_net_0
Aliasing \UART_DEB:tmpOE__rx_net_0\ to tmpOE__Scanning_LED_net_0
Aliasing \UART_DEB:Net_747\ to zero
Aliasing tmpOE__Notification_LED_net_0 to tmpOE__Scanning_LED_net_0
Aliasing tmpOE__SW2_net_0 to tmpOE__Scanning_LED_net_0
Aliasing tmpOE__Disconnect_LED_net_0 to tmpOE__Scanning_LED_net_0
Aliasing \Timer:Net_75\ to zero
Aliasing \Timer:Net_69\ to tmpOE__Scanning_LED_net_0
Aliasing \Timer:Net_66\ to zero
Aliasing \Timer:Net_82\ to zero
Aliasing \Timer:Net_72\ to zero
Aliasing tmpOE__test_1_net_0 to tmpOE__Scanning_LED_net_0
Aliasing tmpOE__test_2_net_0 to tmpOE__Scanning_LED_net_0
Removing Lhs of wire one[10] = tmpOE__Scanning_LED_net_0[4]
Removing Lhs of wire \UART_DEB:Net_459\[14] = zero[5]
Removing Lhs of wire \UART_DEB:Net_652\[15] = zero[5]
Removing Lhs of wire \UART_DEB:Net_676\[17] = zero[5]
Removing Lhs of wire \UART_DEB:Net_245\[18] = zero[5]
Removing Lhs of wire \UART_DEB:Net_416\[19] = zero[5]
Removing Rhs of wire \UART_DEB:Net_654\[20] = \UART_DEB:Net_379\[21]
Removing Lhs of wire \UART_DEB:SCBclock\[24] = \UART_DEB:Net_847\[13]
Removing Lhs of wire \UART_DEB:Net_653\[25] = zero[5]
Removing Lhs of wire \UART_DEB:Net_909\[26] = zero[5]
Removing Lhs of wire \UART_DEB:Net_663\[27] = zero[5]
Removing Lhs of wire \UART_DEB:tmpOE__tx_net_0\[29] = tmpOE__Scanning_LED_net_0[4]
Removing Lhs of wire \UART_DEB:tmpOE__rx_net_0\[38] = tmpOE__Scanning_LED_net_0[4]
Removing Lhs of wire \UART_DEB:Net_739\[42] = zero[5]
Removing Lhs of wire \UART_DEB:Net_747\[43] = zero[5]
Removing Lhs of wire tmpOE__Notification_LED_net_0[68] = tmpOE__Scanning_LED_net_0[4]
Removing Lhs of wire tmpOE__SW2_net_0[82] = tmpOE__Scanning_LED_net_0[4]
Removing Lhs of wire tmpOE__Disconnect_LED_net_0[93] = tmpOE__Scanning_LED_net_0[4]
Removing Lhs of wire \Timer:Net_81\[100] = Net_132[112]
Removing Lhs of wire \Timer:Net_75\[101] = zero[5]
Removing Lhs of wire \Timer:Net_69\[102] = tmpOE__Scanning_LED_net_0[4]
Removing Lhs of wire \Timer:Net_66\[103] = zero[5]
Removing Lhs of wire \Timer:Net_82\[104] = zero[5]
Removing Lhs of wire \Timer:Net_72\[105] = zero[5]
Removing Lhs of wire tmpOE__test_1_net_0[123] = tmpOE__Scanning_LED_net_0[4]
Removing Lhs of wire tmpOE__test_2_net_0[129] = tmpOE__Scanning_LED_net_0[4]

------------------------------------------------------
Aliased 0 equations, 26 wires.
------------------------------------------------------

----------------------------------------------------------
Circuit simplification
----------------------------------------------------------

Substituting virtuals - pass 1:


----------------------------------------------------------
Circuit simplification results:

	Expanded 0 signals.
	Turned 0 signals into soft nodes.
	Maximum default expansion cost was set at 3.
----------------------------------------------------------

topld:  No errors.

CYPRESS_DIR    : D:\Program Files\Cypress\PSoC Creator\3.1\PSoC Creator\warp
Warp Program   : D:\Program Files\Cypress\PSoC Creator\3.1\PSoC Creator\warp\bin/warp.exe
Warp Arguments : -yv2 -q10 -ygs -o2 -v3 -.fftcfgtype=LE -ya -.fftprj=E:\klive\GitHub\Cypress\BLE_Heart_Rate_Collector01\BLE_Heart_Rate_Collector01.cydsn\BLE_Heart_Rate_Collector01.cyprj -dcpsoc3 BLE_Heart_Rate_Collector01.v -verilog
</CYPRESSTAG>
Warp synthesis phase: Elapsed time ==> 0s.783ms
<CYPRESSTAG name="Fitter results...">
<CYPRESSTAG name="Fitter startup details...">
cyp3fit: V3.1.0.1722, Family: PSoC3, Started at: Sunday, 19 April 2015 10:20:26
Options: -yv2 -q10 -ygs -o2 -v3 -.fftcfgtype=LE -ya -.fftprj=E:\klive\GitHub\Cypress\BLE_Heart_Rate_Collector01\BLE_Heart_Rate_Collector01.cydsn\BLE_Heart_Rate_Collector01.cyprj -d CYBL10162-56LQXI BLE_Heart_Rate_Collector01.v -verilog
</CYPRESSTAG>
<CYPRESSTAG name="Design parsing">
Design parsing phase: Elapsed time ==> 0s.013ms
</CYPRESSTAG>
<CYPRESSTAG name="Tech mapping">
<CYPRESSTAG name="Initial Mapping" icon="FILE_RPT_TECHM">
Assigning clock CYBLE_LFCLK to clock LFCLK because it is a pass-through
<CYPRESSTAG name="Global Clock Selection" icon="FILE_RPT_TECHM">
    Fixed Function Clock 1: Automatic-assigning  clock 'UART_DEB_SCBCLK'. Signal=\UART_DEB:Net_847_ff1\
    Fixed Function Clock 7: Automatic-assigning  clock 'Clock_1'. Signal=Net_132_ff7
<CYPRESSTAG name="UDB Clock/Enable Remapping Results">
</CYPRESSTAG>
</CYPRESSTAG>
ADD: pft.M0040: information: The following 2 pin(s) will be assigned a location by the fitter: test_1(0), test_2(0)


Removing unused cells resulting from optimization
Done removing unused cells.
<CYPRESSTAG name="Duplicate Macrocell detection">
</CYPRESSTAG>
</CYPRESSTAG>
<CYPRESSTAG name="Duplicate Macrocell detection">
</CYPRESSTAG>
<CYPRESSTAG name="Design Equations" icon="FILE_RPT_EQUATION">

------------------------------------------------------------
Design Equations
------------------------------------------------------------
    <CYPRESSTAG name="Pin listing">

    ------------------------------------------------------------
    Pin listing
    ------------------------------------------------------------

    Pin : Name = Disconnect_LED(0)
        Attributes:
            In Group/Port: True
            In Sync Option: AUTO
            Out Sync Option: NOSYNC
            Interrupt generated: False
            Interrupt mode: NONE
            Drive mode: CMOS_OUT
            VTrip: EITHER
            Slew: FAST
            Input Sync needed: False
            Output Sync needed: False
            SC shield enabled: False
            POR State: ANY
            LCD Mode: COMMON
            Register Mode: RegComb
            CaSense Mode: NEITHER
            Treat as pin: True
            Is OE Registered: False
            Uses Analog: False
            Can contain Digital: True
            Is SIO: False
            SIO Output Buf: NONREGULATED
            SIO Input Buf: SINGLE_ENDED
            SIO HiFreq: LOW
            SIO Hyst: DISABLED
            SIO Vtrip: MULTIPLIER_0_5
            SIO RefSel: VCC_IO
            Required Capabilitites: DIGITAL
            Initial Value: 0
            IO Voltage: 0
        PORT MAP (
            pa_out => Disconnect_LED(0)__PA ,
            annotation => Net_107 ,
            pad => Disconnect_LED(0)_PAD );
        Properties:
        {
        }

    Pin : Name = Notification_LED(0)
        Attributes:
            In Group/Port: True
            In Sync Option: AUTO
            Out Sync Option: NOSYNC
            Interrupt generated: False
            Interrupt mode: NONE
            Drive mode: CMOS_OUT
            VTrip: EITHER
            Slew: FAST
            Input Sync needed: False
            Output Sync needed: False
            SC shield enabled: False
            POR State: ANY
            LCD Mode: COMMON
            Register Mode: RegComb
            CaSense Mode: NEITHER
            Treat as pin: True
            Is OE Registered: False
            Uses Analog: False
            Can contain Digital: True
            Is SIO: False
            SIO Output Buf: NONREGULATED
            SIO Input Buf: SINGLE_ENDED
            SIO HiFreq: LOW
            SIO Hyst: DISABLED
            SIO Vtrip: MULTIPLIER_0_5
            SIO RefSel: VCC_IO
            Required Capabilitites: DIGITAL
            Initial Value: 0
            IO Voltage: 0
        PORT MAP (
            pa_out => Notification_LED(0)__PA ,
            annotation => Net_106 ,
            pad => Notification_LED(0)_PAD );
        Properties:
        {
        }

    Pin : Name = SW2(0)
        Attributes:
            In Group/Port: True
            In Sync Option: NOSYNC
            Out Sync Option: AUTO
            Interrupt generated: False
            Interrupt mode: NONE
            Drive mode: RES_PULL_UP
            VTrip: CMOS
            Slew: FAST
            Input Sync needed: False
            Output Sync needed: False
            SC shield enabled: False
            POR State: ANY
            LCD Mode: COMMON
            Register Mode: RegComb
            CaSense Mode: NEITHER
            Treat as pin: True
            Is OE Registered: False
            Uses Analog: False
            Can contain Digital: True
            Is SIO: False
            SIO Output Buf: NONREGULATED
            SIO Input Buf: SINGLE_ENDED
            SIO HiFreq: LOW
            SIO Hyst: DISABLED
            SIO Vtrip: MULTIPLIER_0_5
            SIO RefSel: VCC_IO
            Required Capabilitites: DIGITAL
            Initial Value: 1
            IO Voltage: 0
        PORT MAP (
            pa_out => SW2(0)__PA ,
            annotation => Net_164 ,
            pad => SW2(0)_PAD );
        Properties:
        {
        }

    Pin : Name = Scanning_LED(0)
        Attributes:
            In Group/Port: True
            In Sync Option: AUTO
            Out Sync Option: NOSYNC
            Interrupt generated: False
            Interrupt mode: NONE
            Drive mode: CMOS_OUT
            VTrip: EITHER
            Slew: FAST
            Input Sync needed: False
            Output Sync needed: False
            SC shield enabled: False
            POR State: ANY
            LCD Mode: COMMON
            Register Mode: RegComb
            CaSense Mode: NEITHER
            Treat as pin: True
            Is OE Registered: False
            Uses Analog: False
            Can contain Digital: True
            Is SIO: False
            SIO Output Buf: NONREGULATED
            SIO Input Buf: SINGLE_ENDED
            SIO HiFreq: LOW
            SIO Hyst: DISABLED
            SIO Vtrip: MULTIPLIER_0_5
            SIO RefSel: VCC_IO
            Required Capabilitites: DIGITAL
            Initial Value: 0
            IO Voltage: 0
        PORT MAP (
            pa_out => Scanning_LED(0)__PA ,
            annotation => Net_105 ,
            pad => Scanning_LED(0)_PAD );
        Properties:
        {
        }

    Pin : Name = \UART_DEB:rx(0)\
        Attributes:
            In Group/Port: True
            In Sync Option: NOSYNC
            Out Sync Option: AUTO
            Interrupt generated: False
            Interrupt mode: NONE
            Drive mode: HI_Z_DIGITAL
            VTrip: CMOS
            Slew: FAST
            Input Sync needed: False
            Output Sync needed: False
            SC shield enabled: False
            POR State: ANY
            LCD Mode: COMMON
            Register Mode: RegComb
            CaSense Mode: NEITHER
            Treat as pin: True
            Is OE Registered: False
            Uses Analog: False
            Can contain Digital: True
            Is SIO: False
            SIO Output Buf: NONREGULATED
            SIO Input Buf: SINGLE_ENDED
            SIO HiFreq: LOW
            SIO Hyst: DISABLED
            SIO Vtrip: MULTIPLIER_0_5
            SIO RefSel: VCC_IO
            Required Capabilitites: DIGITAL, SCB_UART_RX
            Initial Value: 0
            IO Voltage: 0
        PORT MAP (
            pa_out => \UART_DEB:rx(0)\__PA ,
            fb => \UART_DEB:Net_654\ ,
            pad => \UART_DEB:rx(0)_PAD\ );
        Properties:
        {
        }

    Pin : Name = \UART_DEB:tx(0)\
        Attributes:
            In Group/Port: True
            In Sync Option: NOSYNC
            Out Sync Option: NOSYNC
            Interrupt generated: False
            Interrupt mode: NONE
            Drive mode: CMOS_OUT
            VTrip: CMOS
            Slew: FAST
            Input Sync needed: False
            Output Sync needed: False
            SC shield enabled: False
            POR State: ANY
            LCD Mode: COMMON
            Register Mode: RegComb
            CaSense Mode: NEITHER
            Treat as pin: True
            Is OE Registered: False
            Uses Analog: False
            Can contain Digital: True
            Is SIO: False
            SIO Output Buf: NONREGULATED
            SIO Input Buf: SINGLE_ENDED
            SIO HiFreq: LOW
            SIO Hyst: DISABLED
            SIO Vtrip: MULTIPLIER_0_5
            SIO RefSel: VCC_IO
            Required Capabilitites: DIGITAL, SCB_UART_TX
            Initial Value: 1
            IO Voltage: 0
        PORT MAP (
            pa_out => \UART_DEB:tx(0)\__PA ,
            input => \UART_DEB:Net_656\ ,
            pad => \UART_DEB:tx(0)_PAD\ );
        Properties:
        {
        }

    Pin : Name = test_1(0)
        Attributes:
            In Group/Port: True
            In Sync Option: AUTO
            Out Sync Option: NOSYNC
            Interrupt generated: False
            Interrupt mode: NONE
            Drive mode: CMOS_OUT
            VTrip: EITHER
            Slew: FAST
            Input Sync needed: False
            Output Sync needed: False
            SC shield enabled: False
            POR State: ANY
            LCD Mode: COMMON
            Register Mode: RegComb
            CaSense Mode: NEITHER
            Treat as pin: True
            Is OE Registered: False
            Uses Analog: False
            Can contain Digital: True
            Is SIO: False
            SIO Output Buf: NONREGULATED
            SIO Input Buf: SINGLE_ENDED
            SIO HiFreq: LOW
            SIO Hyst: DISABLED
            SIO Vtrip: MULTIPLIER_0_5
            SIO RefSel: VCC_IO
            Required Capabilitites: DIGITAL
            Initial Value: 0
            IO Voltage: 0
        PORT MAP (
            pa_out => test_1(0)__PA ,
            pad => test_1(0)_PAD );

    Pin : Name = test_2(0)
        Attributes:
            In Group/Port: True
            In Sync Option: AUTO
            Out Sync Option: NOSYNC
            Interrupt generated: False
            Interrupt mode: NONE
            Drive mode: CMOS_OUT
            VTrip: EITHER
            Slew: FAST
            Input Sync needed: False
            Output Sync needed: False
            SC shield enabled: False
            POR State: ANY
            LCD Mode: COMMON
            Register Mode: RegComb
            CaSense Mode: NEITHER
            Treat as pin: True
            Is OE Registered: False
            Uses Analog: False
            Can contain Digital: True
            Is SIO: False
            SIO Output Buf: NONREGULATED
            SIO Input Buf: SINGLE_ENDED
            SIO HiFreq: LOW
            SIO Hyst: DISABLED
            SIO Vtrip: MULTIPLIER_0_5
            SIO RefSel: VCC_IO
            Required Capabilitites: DIGITAL
            Initial Value: 0
            IO Voltage: 0
        PORT MAP (
            pa_out => test_2(0)__PA ,
            pad => test_2(0)_PAD );
    </CYPRESSTAG>
    <CYPRESSTAG name="Macrocell listing" icon="FILE_RPT_EQUATION">
    </CYPRESSTAG>
    <CYPRESSTAG name="Datapath listing">
    </CYPRESSTAG>
    <CYPRESSTAG name="Status register listing">
    </CYPRESSTAG>
    <CYPRESSTAG name="StatusI register listing">
    </CYPRESSTAG>
    <CYPRESSTAG name="Sync listing">
    </CYPRESSTAG>
    <CYPRESSTAG name="Control register listing">
    </CYPRESSTAG>
    <CYPRESSTAG name="Count7 listing">
    </CYPRESSTAG>
    <CYPRESSTAG name="DRQ listing">
    </CYPRESSTAG>
    <CYPRESSTAG name="Interrupt listing">

    ------------------------------------------------------------
    Interrupt listing
    ------------------------------------------------------------

    interrupt: Name =TC_CC_ISR
        PORT MAP (
            interrupt => Net_138 );
        Properties:
        {
            int_type = "10"
        }

    interrupt: Name =\CYBLE:bless_isr\
        PORT MAP (
            interrupt => \CYBLE:Net_15\ );
        Properties:
        {
            int_type = "10"
        }
    </CYPRESSTAG>
</CYPRESSTAG>
<CYPRESSTAG name="Technology mapping summary" expanded>

------------------------------------------------------------
Technology mapping summary
------------------------------------------------------------

Resource Type                 : Used : Free :  Max :  % Used
============================================================
Digital clock dividers        :    0 :    4 :    4 :   0.00%
Pins                          :   12 :   26 :   38 :  31.58%
UDB Macrocells                :    0 :   32 :   32 :   0.00%
UDB Unique Pterms             :    0 :   64 :   64 :   0.00%
UDB Datapath Cells            :    0 :    4 :    4 :   0.00%
UDB Status Cells              :    0 :    4 :    4 :   0.00%
UDB Control Cells             :    0 :    4 :    4 :   0.00%
Interrupts                    :    2 :   30 :   32 :   6.25%
SAR Fixed Blocks              :    0 :    1 :    1 :   0.00%
Temperature Sensors           :    0 :    1 :    1 :   0.00%
TCPWM Blocks                  :    1 :    3 :    4 :  25.00%
Serial Communication Blocks   :    1 :    1 :    2 :  50.00%
Bluetooth Low Energy Blocks   :    1 :    0 :    1 : 100.00%
</CYPRESSTAG>
Technology Mapping: Elapsed time ==> 0s.408ms
Tech mapping phase: Elapsed time ==> 0s.435ms
</CYPRESSTAG>
<CYPRESSTAG name="Analog Placement">
<CYPRESSTAG name="Analog Placement">
Elapsed time ==> 0.0122868s
</CYPRESSTAG>
Analog Placement phase: Elapsed time ==> 0s.038ms
</CYPRESSTAG>
<CYPRESSTAG name="Analog Routing">
<CYPRESSTAG name="Analog Routing">
Route success=True, Iterations=1 Elapsed=0.0014069 secs
</CYPRESSTAG>
Analog Routing phase: Elapsed time ==> 0s.002ms
</CYPRESSTAG>
<CYPRESSTAG name="Analog Code Generation">
============ Analog Final Answer Routes ============
Dump of CyAnalogRoutingResultsDB
Map of net to items {
}
Map of item to net {
}
Mux Info {
}
Analog Code Generation phase: Elapsed time ==> 0s.186ms
</CYPRESSTAG>
<CYPRESSTAG name="Digital Placement">
<CYPRESSTAG name="Detailed placement messages">
I2659: No Constrained paths were found. The placer will run in non-timing driven mode.
I2076: Total run-time: 0.3 sec.

</CYPRESSTAG>
<CYPRESSTAG name="PLD Packing">
<CYPRESSTAG name="PLD Packing Summary">
No PLDs were packed.
</CYPRESSTAG>
PLD Packing: Elapsed time ==> 0s.000ms
</CYPRESSTAG>
<CYPRESSTAG name="Partitioning">
<CYPRESSTAG name="Initial Partitioning Summary">
Initial Partitioning Summary not displayed at this verbose level.</CYPRESSTAG>
<CYPRESSTAG name="Final Partitioning Summary">
Final Partitioning Summary not displayed at this verbose level.</CYPRESSTAG>
Partitioning: Elapsed time ==> 0s.014ms
</CYPRESSTAG>
<CYPRESSTAG name="Simulated Annealing">
Annealing: Elapsed time ==> 0s.002ms
<CYPRESSTAG name="Simulated Annealing Results">
The seed used for moves was 114161200.
Inital cost was 24, final cost is 24 (0.00% improvement).</CYPRESSTAG>
</CYPRESSTAG>
<CYPRESSTAG name="Final Placement Summary">

------------------------------------------------------------
Final Placement Summary
------------------------------------------------------------

       Resource Type :      Count : Avg Inputs : Avg Outputs
    ========================================================
                 UDB :          0 :       0.00 :       0.00
<CYPRESSTAG name="Final Placement Details">
<CYPRESSTAG name="Component Details">

------------------------------------------------------------
Component Placement Details
------------------------------------------------------------
UDB [UDB=(0,0)] is empty.
UDB [UDB=(0,1)] is empty.
UDB [UDB=(1,0)] is empty.
UDB [UDB=(1,1)] is empty.
Intr hod @ [IntrHod=(0)]: 
  Intr@ [IntrHod=(0)][IntrId=(12)] 
    interrupt: Name =\CYBLE:bless_isr\
        PORT MAP (
            interrupt => \CYBLE:Net_15\ );
        Properties:
        {
            int_type = "10"
        }
  Intr@ [IntrHod=(0)][IntrId=(17)] 
    interrupt: Name =TC_CC_ISR
        PORT MAP (
            interrupt => Net_138 );
        Properties:
        {
            int_type = "10"
        }
Port 0 contains the following IO cells:
[IoId=0]: 
Pin : Name = test_1(0)
    Attributes:
        In Group/Port: True
        In Sync Option: AUTO
        Out Sync Option: NOSYNC
        Interrupt generated: False
        Interrupt mode: NONE
        Drive mode: CMOS_OUT
        VTrip: EITHER
        Slew: FAST
        Input Sync needed: False
        Output Sync needed: False
        SC shield enabled: False
        POR State: ANY
        LCD Mode: COMMON
        Register Mode: RegComb
        CaSense Mode: NEITHER
        Treat as pin: True
        Is OE Registered: False
        Uses Analog: False
        Can contain Digital: True
        Is SIO: False
        SIO Output Buf: NONREGULATED
        SIO Input Buf: SINGLE_ENDED
        SIO HiFreq: LOW
        SIO Hyst: DISABLED
        SIO Vtrip: MULTIPLIER_0_5
        SIO RefSel: VCC_IO
        Required Capabilitites: DIGITAL
        Initial Value: 0
        IO Voltage: 0
    PORT MAP (
        pa_out => test_1(0)__PA ,
        pad => test_1(0)_PAD );
    Properties:
    {
    }

[IoId=1]: 
Pin : Name = test_2(0)
    Attributes:
        In Group/Port: True
        In Sync Option: AUTO
        Out Sync Option: NOSYNC
        Interrupt generated: False
        Interrupt mode: NONE
        Drive mode: CMOS_OUT
        VTrip: EITHER
        Slew: FAST
        Input Sync needed: False
        Output Sync needed: False
        SC shield enabled: False
        POR State: ANY
        LCD Mode: COMMON
        Register Mode: RegComb
        CaSense Mode: NEITHER
        Treat as pin: True
        Is OE Registered: False
        Uses Analog: False
        Can contain Digital: True
        Is SIO: False
        SIO Output Buf: NONREGULATED
        SIO Input Buf: SINGLE_ENDED
        SIO HiFreq: LOW
        SIO Hyst: DISABLED
        SIO Vtrip: MULTIPLIER_0_5
        SIO RefSel: VCC_IO
        Required Capabilitites: DIGITAL
        Initial Value: 0
        IO Voltage: 0
    PORT MAP (
        pa_out => test_2(0)__PA ,
        pad => test_2(0)_PAD );
    Properties:
    {
    }

Port 1 contains the following IO cells:
[IoId=4]: 
Pin : Name = \UART_DEB:rx(0)\
    Attributes:
        In Group/Port: True
        In Sync Option: NOSYNC
        Out Sync Option: AUTO
        Interrupt generated: False
        Interrupt mode: NONE
        Drive mode: HI_Z_DIGITAL
        VTrip: CMOS
        Slew: FAST
        Input Sync needed: False
        Output Sync needed: False
        SC shield enabled: False
        POR State: ANY
        LCD Mode: COMMON
        Register Mode: RegComb
        CaSense Mode: NEITHER
        Treat as pin: True
        Is OE Registered: False
        Uses Analog: False
        Can contain Digital: True
        Is SIO: False
        SIO Output Buf: NONREGULATED
        SIO Input Buf: SINGLE_ENDED
        SIO HiFreq: LOW
        SIO Hyst: DISABLED
        SIO Vtrip: MULTIPLIER_0_5
        SIO RefSel: VCC_IO
        Required Capabilitites: DIGITAL, SCB_UART_RX
        Initial Value: 0
        IO Voltage: 0
    PORT MAP (
        pa_out => \UART_DEB:rx(0)\__PA ,
        fb => \UART_DEB:Net_654\ ,
        pad => \UART_DEB:rx(0)_PAD\ );
    Properties:
    {
    }

[IoId=5]: 
Pin : Name = \UART_DEB:tx(0)\
    Attributes:
        In Group/Port: True
        In Sync Option: NOSYNC
        Out Sync Option: NOSYNC
        Interrupt generated: False
        Interrupt mode: NONE
        Drive mode: CMOS_OUT
        VTrip: CMOS
        Slew: FAST
        Input Sync needed: False
        Output Sync needed: False
        SC shield enabled: False
        POR State: ANY
        LCD Mode: COMMON
        Register Mode: RegComb
        CaSense Mode: NEITHER
        Treat as pin: True
        Is OE Registered: False
        Uses Analog: False
        Can contain Digital: True
        Is SIO: False
        SIO Output Buf: NONREGULATED
        SIO Input Buf: SINGLE_ENDED
        SIO HiFreq: LOW
        SIO Hyst: DISABLED
        SIO Vtrip: MULTIPLIER_0_5
        SIO RefSel: VCC_IO
        Required Capabilitites: DIGITAL, SCB_UART_TX
        Initial Value: 1
        IO Voltage: 0
    PORT MAP (
        pa_out => \UART_DEB:tx(0)\__PA ,
        input => \UART_DEB:Net_656\ ,
        pad => \UART_DEB:tx(0)_PAD\ );
    Properties:
    {
    }

Port 2 contains the following IO cells:
[IoId=6]: 
Pin : Name = SW2(0)
    Attributes:
        In Group/Port: True
        In Sync Option: NOSYNC
        Out Sync Option: AUTO
        Interrupt generated: False
        Interrupt mode: NONE
        Drive mode: RES_PULL_UP
        VTrip: CMOS
        Slew: FAST
        Input Sync needed: False
        Output Sync needed: False
        SC shield enabled: False
        POR State: ANY
        LCD Mode: COMMON
        Register Mode: RegComb
        CaSense Mode: NEITHER
        Treat as pin: True
        Is OE Registered: False
        Uses Analog: False
        Can contain Digital: True
        Is SIO: False
        SIO Output Buf: NONREGULATED
        SIO Input Buf: SINGLE_ENDED
        SIO HiFreq: LOW
        SIO Hyst: DISABLED
        SIO Vtrip: MULTIPLIER_0_5
        SIO RefSel: VCC_IO
        Required Capabilitites: DIGITAL
        Initial Value: 1
        IO Voltage: 0
    PORT MAP (
        pa_out => SW2(0)__PA ,
        annotation => Net_164 ,
        pad => SW2(0)_PAD );
    Properties:
    {
    }

Port 3 contains the following IO cells:
[IoId=0]: 
Pin : Name = Scanning_LED(0)
    Attributes:
        In Group/Port: True
        In Sync Option: AUTO
        Out Sync Option: NOSYNC
        Interrupt generated: False
        Interrupt mode: NONE
        Drive mode: CMOS_OUT
        VTrip: EITHER
        Slew: FAST
        Input Sync needed: False
        Output Sync needed: False
        SC shield enabled: False
        POR State: ANY
        LCD Mode: COMMON
        Register Mode: RegComb
        CaSense Mode: NEITHER
        Treat as pin: True
        Is OE Registered: False
        Uses Analog: False
        Can contain Digital: True
        Is SIO: False
        SIO Output Buf: NONREGULATED
        SIO Input Buf: SINGLE_ENDED
        SIO HiFreq: LOW
        SIO Hyst: DISABLED
        SIO Vtrip: MULTIPLIER_0_5
        SIO RefSel: VCC_IO
        Required Capabilitites: DIGITAL
        Initial Value: 0
        IO Voltage: 0
    PORT MAP (
        pa_out => Scanning_LED(0)__PA ,
        annotation => Net_105 ,
        pad => Scanning_LED(0)_PAD );
    Properties:
    {
    }

[IoId=2]: 
Pin : Name = Disconnect_LED(0)
    Attributes:
        In Group/Port: True
        In Sync Option: AUTO
        Out Sync Option: NOSYNC
        Interrupt generated: False
        Interrupt mode: NONE
        Drive mode: CMOS_OUT
        VTrip: EITHER
        Slew: FAST
        Input Sync needed: False
        Output Sync needed: False
        SC shield enabled: False
        POR State: ANY
        LCD Mode: COMMON
        Register Mode: RegComb
        CaSense Mode: NEITHER
        Treat as pin: True
        Is OE Registered: False
        Uses Analog: False
        Can contain Digital: True
        Is SIO: False
        SIO Output Buf: NONREGULATED
        SIO Input Buf: SINGLE_ENDED
        SIO HiFreq: LOW
        SIO Hyst: DISABLED
        SIO Vtrip: MULTIPLIER_0_5
        SIO RefSel: VCC_IO
        Required Capabilitites: DIGITAL
        Initial Value: 0
        IO Voltage: 0
    PORT MAP (
        pa_out => Disconnect_LED(0)__PA ,
        annotation => Net_107 ,
        pad => Disconnect_LED(0)_PAD );
    Properties:
    {
    }

[IoId=3]: 
Pin : Name = Notification_LED(0)
    Attributes:
        In Group/Port: True
        In Sync Option: AUTO
        Out Sync Option: NOSYNC
        Interrupt generated: False
        Interrupt mode: NONE
        Drive mode: CMOS_OUT
        VTrip: EITHER
        Slew: FAST
        Input Sync needed: False
        Output Sync needed: False
        SC shield enabled: False
        POR State: ANY
        LCD Mode: COMMON
        Register Mode: RegComb
        CaSense Mode: NEITHER
        Treat as pin: True
        Is OE Registered: False
        Uses Analog: False
        Can contain Digital: True
        Is SIO: False
        SIO Output Buf: NONREGULATED
        SIO Input Buf: SINGLE_ENDED
        SIO HiFreq: LOW
        SIO Hyst: DISABLED
        SIO Vtrip: MULTIPLIER_0_5
        SIO RefSel: VCC_IO
        Required Capabilitites: DIGITAL
        Initial Value: 0
        IO Voltage: 0
    PORT MAP (
        pa_out => Notification_LED(0)__PA ,
        annotation => Net_106 ,
        pad => Notification_LED(0)_PAD );
    Properties:
    {
    }

Port 4 is empty
Port 5 is empty
Port 6 is empty
Clock group 0: 
    M0S8 Clock Block @ [FFB(Clock,0)]: 
    m0s8clockblockcell: Name =ClockBlock
        PORT MAP (
            dsi_in_0 => ClockBlock_Routed1 ,
            eco => ClockBlock_ECO ,
            wco => ClockBlock_WCO ,
            lfclk => ClockBlock_LFCLK ,
            ilo => ClockBlock_ILO ,
            sysclk => ClockBlock_SYSCLK ,
            ext => ClockBlock_EXTCLK ,
            imo => ClockBlock_IMO ,
            hfclk => ClockBlock_HFCLK ,
            ff_div_1 => \UART_DEB:Net_847_ff1\ ,
            ff_div_7 => Net_132_ff7 );
        Properties:
        {
        }
PM group 0: empty
SPC group 0: empty
WDT group 0: empty
FSS group 0: empty
Serial Communication Block group 0: 
    Scb Block @ [FFB(SCB,0)]: 
    m0s8scbcell: Name =\UART_DEB:SCB\
        PORT MAP (
            clock => \UART_DEB:Net_847_ff1\ ,
            interrupt => Net_28 ,
            rx => \UART_DEB:Net_654\ ,
            tx => \UART_DEB:Net_656\ ,
            rts => \UART_DEB:Net_751\ ,
            mosi_m => \UART_DEB:Net_660\ ,
            select_m_3 => \UART_DEB:ss_3\ ,
            select_m_2 => \UART_DEB:ss_2\ ,
            select_m_1 => \UART_DEB:ss_1\ ,
            select_m_0 => \UART_DEB:ss_0\ ,
            sclk_m => \UART_DEB:Net_687\ ,
            miso_s => \UART_DEB:Net_703\ ,
            tx_req => \UART_DEB:Net_823\ ,
            rx_req => \UART_DEB:Net_824\ );
        Properties:
        {
            cy_registers = ""
            scb_mode = 2
        }
CSD Fixed Block group 0: empty
TCPWM Block group 0: 
    Tcpwm Block @ [FFB(TCPWM,0)]: 
    m0s8tcpwmcell: Name =\Timer:cy_m0s8_tcpwm_1\
        PORT MAP (
            clock => Net_132_ff7 ,
            capture => zero ,
            count => tmpOE__Scanning_LED_net_0 ,
            reload => zero ,
            stop => zero ,
            start => zero ,
            tr_underflow => Net_36 ,
            tr_overflow => Net_35 ,
            tr_compare_match => Net_37 ,
            line_out => Net_38 ,
            line_out_compl => Net_39 ,
            interrupt => Net_138 );
        Properties:
        {
            cy_registers = ""
        }
Temperature Sensor group 0: empty
SAR Fixed Block group 0: empty
Segment LCD Block group 0: empty
CLK_GEN group 0: 
    M0S8 Clock Gen Block @ [FFB(CLK_GEN,0)]: 
    m0s8clockgenblockcell: Name =ClockGenBlock
        PORT MAP (
             );
        Properties:
        {
        }
LPCOMPBLOCK group 0: empty
CTBMBLOCK group 0: empty
ANAPUMP group 0: empty
Bluetooth Low Energy Block group 0: 
    P4 BLE Block @ [FFB(BLE,0)]: 
    p4blecell: Name =\CYBLE:cy_m0s8_ble\
        PORT MAP (
            interrupt => \CYBLE:Net_15\ );
        Properties:
        {
        }
GANGED_PICU group 0: empty
</CYPRESSTAG>
<CYPRESSTAG name="Port Configuration Details">

------------------------------------------------------------
Port Configuration report
------------------------------------------------------------
     |     |       | Interrupt |                  |                     | 
Port | Pin | Fixed |      Type |       Drive Mode |                Name | Connections
-----+-----+-------+-----------+------------------+---------------------+-----------------------
   0 |   0 |       |      NONE |         CMOS_OUT |           test_1(0) | 
     |   1 |       |      NONE |         CMOS_OUT |           test_2(0) | 
-----+-----+-------+-----------+------------------+---------------------+-----------------------
   1 |   4 |     * |      NONE |     HI_Z_DIGITAL |    \UART_DEB:rx(0)\ | FB(\UART_DEB:Net_654\)
     |   5 |     * |      NONE |         CMOS_OUT |    \UART_DEB:tx(0)\ | In(\UART_DEB:Net_656\)
-----+-----+-------+-----------+------------------+---------------------+-----------------------
   2 |   6 |     * |      NONE |      RES_PULL_UP |              SW2(0) | 
-----+-----+-------+-----------+------------------+---------------------+-----------------------
   3 |   0 |     * |      NONE |         CMOS_OUT |     Scanning_LED(0) | 
     |   2 |     * |      NONE |         CMOS_OUT |   Disconnect_LED(0) | 
     |   3 |     * |      NONE |         CMOS_OUT | Notification_LED(0) | 
------------------------------------------------------------------------------------------------
</CYPRESSTAG>
</CYPRESSTAG>
</CYPRESSTAG>
Digital component placer commit/Report: Elapsed time ==> 0s.000ms
Digital Placement phase: Elapsed time ==> 0s.538ms
</CYPRESSTAG>
<CYPRESSTAG name="Digital Routing">
Routing successful.
Digital Routing phase: Elapsed time ==> 0s.604ms
</CYPRESSTAG>
<CYPRESSTAG name="Bitstream and API generation">
Bitstream and API generation phase: Elapsed time ==> 0s.145ms
</CYPRESSTAG>
<CYPRESSTAG name="Bitstream verification">
Bitstream verification phase: Elapsed time ==> 0s.029ms
</CYPRESSTAG>
<CYPRESSTAG name="Static timing analysis">
Timing report is in BLE_Heart_Rate_Collector01_timing.html.
Static timing analysis phase: Elapsed time ==> 0s.176ms
</CYPRESSTAG>
<CYPRESSTAG name="Data reporting">
Data reporting phase: Elapsed time ==> 0s.000ms
</CYPRESSTAG>
<CYPRESSTAG name="Database update...">
Design database save phase: Elapsed time ==> 0s.144ms
</CYPRESSTAG>
cydsfit: Elapsed time ==> 2s.333ms
</CYPRESSTAG>
Fitter phase: Elapsed time ==> 2s.390ms
API generation phase: Elapsed time ==> 1s.217ms
Dependency generation phase: Elapsed time ==> 0s.010ms
Cleanup phase: Elapsed time ==> 0s.003ms
